{"name": "Test navigation and verification on Insider Careers page", "status": "failed", "statusDetails": {"message": "AssertionError: Test failed with errors: Teams verification error: Name mismatch for block 'teams': Expected 'Teams', but found 'Find your calling'; Locations verification error: Name mismatch for block 'locations': Expected 'Locations', but found 'Our Locations'\nassert False", "trace": "driver = <selenium.webdriver.chrome.webdriver.WebDriver (session=\"f89f7951815ce3026ba6d90229211a2c\")>\n\n    @allure.feature(\"Insider Careers Testing - Careers Page Validation\")\n    @allure.story(\"Navigate, verify blocks, apply filters, and confirm job listings\")\n    @allure.title(\"Test navigation and verification on Insider Careers page\")\n    @allure.description(\"\"\"\n    Test case to verify key steps on the Insider website:\n    1. Navigate to the Careers page and open Careers section.\n    2. Verify the presence of key blocks with expected names on the Careers page.\n    3. Navigate to the QA job listings page.\n    4. Apply location and department filters on the QA jobs listing.\n    5. Confirm navigation to the Lever application form after clicking 'View Role' on a job listing.\n    \"\"\")\n    @pytest.mark.usefixtures(\"driver\")\n    def test_insider_careers(driver):\n        errors = []  # List to collect errors without halting the test\n    \n        # Step 1: Navigate to the Careers page\n        home_page = HomePage(driver)\n        with allure.step(\"Step 1: Navigate to Careers page and open Careers section\"):\n            try:\n                home_page.open()\n                home_page.go_to_careers()\n            except (TimeoutException, NoSuchElementException) as e:\n                error_message = f\"Failed to navigate to Careers page: {str(e)}\"\n                allure.attach(error_message, name=\"Navigation Error\", attachment_type=allure.attachment_type.TEXT)\n                errors.append(error_message)\n    \n        # Step 2: Verify presence of key blocks on the Careers page\n        careers_page = CareersPage(driver)\n        with allure.step(\"Step 2: Verify presence of key blocks on the Careers page\"):\n            for block_name in [\"teams\", \"locations\", \"life_at_insider\"]:\n                try:\n                    careers_page.verify_block_presence(block_name)\n                except AssertionError as e:\n                    screenshot_path = careers_page.take_screenshot(f\"{block_name}_verification_failure\")\n                    if screenshot_path:\n                        allure.attach.file(screenshot_path, name=f\"{block_name.capitalize()} Verification Failure Screenshot\", attachment_type=allure.attachment_type.PNG)\n                    errors.append(f\"{block_name.capitalize()} verification error: {str(e)}\")\n    \n        # Step 3: Navigate to QA page\n        qa_page = QualityAssurancePage(driver)\n        with allure.step(\"Step 3: Navigate to QA job listings\"):\n            try:\n                qa_page.open()\n                qa_page.click_see_all_qa_jobs()\n            except (TimeoutException, NoSuchElementException) as e:\n                screenshot_path = qa_page.take_screenshot(\"qa_jobs_navigation_failure\")\n                if screenshot_path:\n                    allure.attach.file(screenshot_path, name=\"QA Jobs Navigation Failure Screenshot\", attachment_type=allure.attachment_type.PNG)\n                errors.append(f\"QA Jobs navigation error: {str(e)}\")\n    \n        # Step 4: Apply filters and verify job listings\n        open_positions_page = OpenPositionsPage(driver)\n        with allure.step(\"Step 4: Apply filters and verify QA jobs listing\"):\n            try:\n                open_positions_page.apply_filters()\n                open_positions_page.verify_jobs()\n            except (TimeoutException, NoSuchElementException, AssertionError) as e:\n                screenshot_path = open_positions_page.take_screenshot(\"job_filters_verification_failure\")\n                if screenshot_path:\n                    allure.attach.file(screenshot_path, name=\"Job Filters Verification Failure Screenshot\", attachment_type=allure.attachment_type.PNG)\n                errors.append(f\"Job Filters verification error: {str(e)}\")\n    \n        # Step 5: Click \"View Role\" and verify navigation to Lever application form page\n        with allure.step(\"Step 5: Click 'View Role' and verify navigation to Lever application form page\"):\n            try:\n                open_positions_page.open_first_job()\n            except Exception as e:\n                error_message = f\"Lever application navigation error: {str(e)}\"\n                allure.attach(error_message, name=\"Lever Navigation Error\", attachment_type=allure.attachment_type.TEXT)\n                errors.append(error_message)\n    \n        # Final assertion to mark test as failed if any errors were collected\n        if errors:\n            allure.attach(\"\\n\".join(errors), name=\"Collected Errors\", attachment_type=allure.attachment_type.TEXT)\n>           assert False, \"Test failed with errors: \" + \"; \".join(errors)\nE           AssertionError: Test failed with errors: Teams verification error: Name mismatch for block 'teams': Expected 'Teams', but found 'Find your calling'; Locations verification error: Name mismatch for block 'locations': Expected 'Locations', but found 'Our Locations'\nE           assert False\n\ntests\\test_insider.py:106: AssertionError"}, "description": "\nTest case to verify key steps on the Insider website:\n1. Navigate to the Careers page and open Careers section.\n2. Verify the presence of key blocks with expected names on the Careers page.\n3. Navigate to the QA job listings page.\n4. Apply location and department filters on the QA jobs listing.\n5. Confirm navigation to the Lever application form after clicking 'View Role' on a job listing.\n", "steps": [{"name": "Step 1: Navigate to Careers page and open Careers section", "status": "passed", "steps": [{"name": "Accept cookies on the website if the banner is present", "status": "passed", "attachments": [{"name": "Cookie Acceptance", "source": "0e1b20ab-32f6-44a4-a2c9-0dac1df690eb-attachment.attach"}], "start": 1731546739058, "stop": 1731546741010}], "start": 1731546723178, "stop": 1731546747309}, {"name": "Step 2: Verify presence of key blocks on the Careers page", "status": "passed", "steps": [{"name": "Verify presence and expected name of block: 'teams'", "status": "failed", "statusDetails": {"message": "AssertionError: Name mismatch for block 'teams': Expected 'Teams', but found 'Find your calling'\n", "trace": "  File \"D:\\Python\\Useinsider_Python_Selenium_Test\\.venv\\Lib\\site-packages\\allure_commons\\_allure.py\", line 192, in impl\n    return func(*a, **kw)\n           ^^^^^^^^^^^^^^\n  File \"D:\\Python\\Useinsider_Python_Selenium_Test\\pages\\careers_page.py\", line 49, in verify_block_presence\n    raise AssertionError(\n"}, "steps": [{"name": "Scrolling element into view and taking centered screenshot", "status": "passed", "attachments": [{"name": "Screenshot: teams_name_mismatch", "source": "b90b030a-0cbd-4487-849a-bade5f497936-attachment.png", "type": "image/png"}], "parameters": [{"name": "name", "value": "'teams_name_mismatch'"}, {"name": "locator", "value": "('css selector', '#career-find-our-calling')"}, {"name": "browser_name", "value": "None"}], "start": 1731546747418, "stop": 1731546748775}], "attachments": [{"name": "Teams Verification Result", "source": "e9e70841-c7a2-4ebe-a48f-49450551bfde-attachment.txt", "type": "text/plain"}], "parameters": [{"name": "block_name", "value": "'teams'"}], "start": 1731546747310, "stop": 1731546748775}, {"name": "Verify presence and expected name of block: 'locations'", "status": "failed", "statusDetails": {"message": "AssertionError: Name mismatch for block 'locations': Expected 'Locations', but found 'Our Locations'\n", "trace": "  File \"D:\\Python\\Useinsider_Python_Selenium_Test\\.venv\\Lib\\site-packages\\allure_commons\\_allure.py\", line 192, in impl\n    return func(*a, **kw)\n           ^^^^^^^^^^^^^^\n  File \"D:\\Python\\Useinsider_Python_Selenium_Test\\pages\\careers_page.py\", line 49, in verify_block_presence\n    raise AssertionError(\n"}, "steps": [{"name": "Scrolling element into view and taking centered screenshot", "status": "passed", "attachments": [{"name": "Screenshot: locations_name_mismatch", "source": "63d0bfca-ebd8-453e-aa3e-263e65378a39-attachment.png", "type": "image/png"}], "parameters": [{"name": "name", "value": "'locations_name_mismatch'"}, {"name": "locator", "value": "('css selector', '#career-our-location')"}, {"name": "browser_name", "value": "None"}], "start": 1731546749125, "stop": 1731546750413}], "attachments": [{"name": "Locations Verification Result", "source": "d7687854-3b1f-4c5d-b7bf-b0ce08449210-attachment.txt", "type": "text/plain"}], "parameters": [{"name": "block_name", "value": "'locations'"}], "start": 1731546749066, "stop": 1731546750413}, {"name": "Verify presence and expected name of block: 'life_at_insider'", "status": "passed", "parameters": [{"name": "block_name", "value": "'life_at_insider'"}], "start": 1731546750668, "stop": 1731546750833}], "attachments": [{"name": "Screenshot: teams_verification_failure", "source": "1474ea21-deb2-48b6-af9c-7c8a26c8b5de-attachment.png", "type": "image/png"}, {"name": "Teams Verification Failure Screenshot", "source": "0a41ef12-a05b-46ef-ab2a-e1e9923d943d-attachment.png", "type": "image/png"}, {"name": "Screenshot: locations_verification_failure", "source": "b9d982b0-9df5-41a1-a173-eb698023d6a5-attachment.png", "type": "image/png"}, {"name": "Locations Verification Failure Screenshot", "source": "2de7e81f-523e-46a8-aa45-5fc94f978a1b-attachment.png", "type": "image/png"}], "start": 1731546747309, "stop": 1731546750833}, {"name": "Step 3: Navigate to QA job listings", "status": "passed", "start": 1731546750833, "stop": 1731546755783}, {"name": "Step 4: Apply filters and verify QA jobs listing", "status": "passed", "steps": [{"name": "Apply filters for Istanbul, Turkey and Quality Assurance", "status": "passed", "steps": [{"name": "Select option ''Istanbul, Turkey'' from dropdown", "status": "passed", "attachments": [{"name": "Dropdown Option Selection", "source": "4162f8b7-0a1b-4af9-8b1f-3933152c6d15-attachment.txt", "type": "text/plain"}], "parameters": [{"name": "dropdown_locator", "value": "('css selector', '#select2-filter-by-location-container')"}, {"name": "option_text", "value": "'Istanbul, Turkey'"}, {"name": "option_timeout", "value": "15"}], "start": 1731546755787, "stop": 1731546766063}, {"name": "Select option ''Quality Assurance'' from dropdown", "status": "passed", "attachments": [{"name": "Dropdown Option Selection", "source": "bad16bcc-04fa-4ccd-b925-c15fa396173a-attachment.txt", "type": "text/plain"}], "parameters": [{"name": "dropdown_locator", "value": "('css selector', '#select2-filter-by-department-container')"}, {"name": "option_text", "value": "'Quality Assurance'"}, {"name": "option_timeout", "value": "15"}], "start": 1731546766063, "stop": 1731546776441}], "attachments": [{"name": "Filter Details", "source": "70790cfb-0ec3-4bec-9bfe-abdaa46a43a0-attachment.attach"}], "start": 1731546755787, "stop": 1731546778442}, {"name": "Check that job listings are displayed and match filter criteria", "status": "passed", "attachments": [{"name": "Job Listing Count", "source": "fd89eff6-0331-4514-9e1e-30d521afb484-attachment.attach"}, {"name": "Position Verification", "source": "faa9c0ae-e0cc-4040-8287-68747302a315-attachment.attach"}, {"name": "Department Verification", "source": "48f36d18-af50-472f-8a30-48b61c3fe2ef-attachment.attach"}, {"name": "Location Verification", "source": "49cae97d-d241-4cbd-a489-28bbc478d9d4-attachment.attach"}], "start": 1731546778443, "stop": 1731546779157}], "start": 1731546755786, "stop": 1731546779157}, {"name": "Step 5: Click 'View Role' and verify navigation to Lever application form page", "status": "passed", "steps": [{"name": "Open the first job listing and verify redirection to Lever application form", "status": "passed", "steps": [{"name": "Hover over the job title to reveal 'View Role' button", "status": "passed", "attachments": [{"name": "Click Info", "source": "1a8dfa95-e0c0-4eb5-87e8-af86d799bc3e-attachment.txt", "type": "text/plain"}, {"name": "Tab Switch Info", "source": "0e3ee0af-a4aa-47b0-82aa-bfbfcbcdf78d-attachment.txt", "type": "text/plain"}], "start": 1731546779157, "stop": 1731546781194}, {"name": "Wait for page to load in new tab", "status": "passed", "attachments": [{"name": "Wait Info", "source": "fe4bbf3b-20d8-415e-bf60-944aae2f1801-attachment.txt", "type": "text/plain"}], "start": 1731546781194, "stop": 1731546786195}, {"name": "Verify URL in the new tab", "status": "passed", "attachments": [{"name": "Expected URL", "source": "d446c2fb-6fdf-41b5-abcc-db3df99b8768-attachment.txt", "type": "text/plain"}, {"name": "Actual URL", "source": "d0d2b009-b5dd-4c53-859d-afc1c465fb3c-attachment.txt", "type": "text/plain"}], "start": 1731546786196, "stop": 1731546786992}], "start": 1731546779157, "stop": 1731546786992}], "start": 1731546779157, "stop": 1731546786993}], "attachments": [{"name": "Collected Errors", "source": "675f4f16-38c8-469b-af14-3a1f794e8df1-attachment.txt", "type": "text/plain"}], "parameters": [{"name": "driver", "value": "'chrome'"}], "start": 1731546723178, "stop": 1731546786994, "uuid": "411cf5f3-d66a-45eb-aa78-5e05793e5047", "historyId": "4e8aa1eeb781a5479f79bf27de807ed5", "testCaseId": "df497528dcedce9fa77030ff484a2128", "fullName": "tests.test_insider#test_insider_careers", "labels": [{"name": "feature", "value": "Insider Careers Testing - Careers Page Validation"}, {"name": "story", "value": "Navigate, verify blocks, apply filters, and confirm job listings"}, {"name": "tag", "value": "@pytest.mark.usefixtures('driver')"}, {"name": "parentSuite", "value": "tests"}, {"name": "suite", "value": "test_insider"}, {"name": "host", "value": "DESKTOP-Q3QIDPA"}, {"name": "thread", "value": "1252-MainThread"}, {"name": "framework", "value": "pytest"}, {"name": "language", "value": "cpython3"}, {"name": "package", "value": "tests.test_insider"}]}